[INFO] Scanning for projects...
[INFO] 
[INFO] -------------------------< com.n26:challange >--------------------------
[INFO] Building challange 0.0.1-SNAPSHOT
[INFO] --------------------------------[ jar ]---------------------------------
[WARNING] The POM for org.xmlunit:xmlunit-core:jar:2.5.1 is invalid, transitive dependencies (if any) will not be available, enable debug logging for more details
[INFO] 
[INFO] --- maven-clean-plugin:3.0.0:clean (default-clean) @ challange ---
[INFO] Deleting /github/rslvn/challange/target
[INFO] 
[INFO] --- jacoco-maven-plugin:0.8.1:prepare-agent (prepare-agent) @ challange ---
[INFO] argLine set to -javaagent:/home/resulav/.m2/repository/org/jacoco/org.jacoco.agent/0.8.1/org.jacoco.agent-0.8.1-runtime.jar=destfile=/github/rslvn/challange/target/jacoco.exec
[INFO] 
[INFO] --- maven-resources-plugin:3.0.1:resources (default-resources) @ challange ---
[INFO] Using 'UTF-8' encoding to copy filtered resources.
[INFO] Copying 1 resource
[INFO] Copying 0 resource
[INFO] 
[INFO] --- maven-compiler-plugin:3.7.0:compile (default-compile) @ challange ---
[INFO] Changes detected - recompiling the module!
[INFO] Compiling 7 source files to /github/rslvn/challange/target/classes
[INFO] 
[INFO] --- maven-resources-plugin:3.0.1:testResources (default-testResources) @ challange ---
[INFO] Using 'UTF-8' encoding to copy filtered resources.
[INFO] skip non existing resourceDirectory /github/rslvn/challange/src/test/resources
[INFO] 
[INFO] --- maven-compiler-plugin:3.7.0:testCompile (default-testCompile) @ challange ---
[INFO] Changes detected - recompiling the module!
[INFO] Compiling 6 source files to /github/rslvn/challange/target/test-classes
[INFO] 
[INFO] --- maven-surefire-plugin:2.21.0:test (default-test) @ challange ---
[INFO] 
[INFO] -------------------------------------------------------
[INFO]  T E S T S
[INFO] -------------------------------------------------------
[INFO] Running com.n26.challange.ChallangeAppConstantTest
[INFO] Tests run: 1, Failures: 0, Errors: 0, Skipped: 0, Time elapsed: 0.108 s - in com.n26.challange.ChallangeAppConstantTest
[INFO] Running com.n26.challange.ChallangeApplicationTests
16:00:43.740 [main] DEBUG org.springframework.test.context.junit4.SpringJUnit4ClassRunner - SpringJUnit4ClassRunner constructor called with [class com.n26.challange.ChallangeApplicationTests]
16:00:43.749 [main] DEBUG org.springframework.test.context.BootstrapUtils - Instantiating CacheAwareContextLoaderDelegate from class [org.springframework.test.context.cache.DefaultCacheAwareContextLoaderDelegate]
16:00:43.765 [main] DEBUG org.springframework.test.context.BootstrapUtils - Instantiating BootstrapContext using constructor [public org.springframework.test.context.support.DefaultBootstrapContext(java.lang.Class,org.springframework.test.context.CacheAwareContextLoaderDelegate)]
16:00:43.804 [main] DEBUG org.springframework.test.context.BootstrapUtils - Instantiating TestContextBootstrapper for test class [com.n26.challange.ChallangeApplicationTests] from class [org.springframework.boot.test.context.SpringBootTestContextBootstrapper]
16:00:43.823 [main] INFO org.springframework.boot.test.context.SpringBootTestContextBootstrapper - Neither @ContextConfiguration nor @ContextHierarchy found for test class [com.n26.challange.ChallangeApplicationTests], using SpringBootContextLoader
16:00:43.829 [main] DEBUG org.springframework.test.context.support.AbstractContextLoader - Did not detect default resource location for test class [com.n26.challange.ChallangeApplicationTests]: class path resource [com/n26/challange/ChallangeApplicationTests-context.xml] does not exist
16:00:43.829 [main] DEBUG org.springframework.test.context.support.AbstractContextLoader - Did not detect default resource location for test class [com.n26.challange.ChallangeApplicationTests]: class path resource [com/n26/challange/ChallangeApplicationTestsContext.groovy] does not exist
16:00:43.829 [main] INFO org.springframework.test.context.support.AbstractContextLoader - Could not detect default resource locations for test class [com.n26.challange.ChallangeApplicationTests]: no resource found for suffixes {-context.xml, Context.groovy}.
16:00:43.831 [main] INFO org.springframework.test.context.support.AnnotationConfigContextLoaderUtils - Could not detect default configuration classes for test class [com.n26.challange.ChallangeApplicationTests]: ChallangeApplicationTests does not declare any static, non-private, non-final, nested classes annotated with @Configuration.
16:00:43.895 [main] DEBUG org.springframework.test.context.support.ActiveProfilesUtils - Could not find an 'annotation declaring class' for annotation type [org.springframework.test.context.ActiveProfiles] and class [com.n26.challange.ChallangeApplicationTests]
16:00:43.908 [main] DEBUG org.springframework.core.env.StandardEnvironment - Adding PropertySource 'systemProperties' with lowest search precedence
16:00:43.908 [main] DEBUG org.springframework.core.env.StandardEnvironment - Adding PropertySource 'systemEnvironment' with lowest search precedence
16:00:43.909 [main] DEBUG org.springframework.core.env.StandardEnvironment - Initialized StandardEnvironment with PropertySources [MapPropertySource@1257703748 {name='systemProperties', properties={java.runtime.name=Java(TM) SE Runtime Environment, sun.boot.library.path=/tools/jdk1.8.0_121/jre/lib/amd64, java.vm.version=25.121-b13, java.vm.vendor=Oracle Corporation, java.vendor.url=http://java.oracle.com/, path.separator=:, java.vm.name=Java HotSpot(TM) 64-Bit Server VM, file.encoding.pkg=sun.io, user.country=US, sun.java.launcher=SUN_STANDARD, sun.os.patch.level=unknown, java.vm.specification.name=Java Virtual Machine Specification, user.dir=/github/rslvn/challange, java.runtime.version=1.8.0_121-b13, basedir=/github/rslvn/challange, java.awt.graphicsenv=sun.awt.X11GraphicsEnvironment, java.endorsed.dirs=/tools/jdk1.8.0_121/jre/lib/endorsed, os.arch=amd64, surefire.real.class.path=/github/rslvn/challange/target/surefire/surefirebooter5469677921514506371.jar:/home/resulav/.m2/repository/org/jacoco/org.jacoco.agent/0.8.1/org.jacoco.agent-0.8.1-runtime.jar, java.io.tmpdir=/tmp, line.separator=
, java.vm.specification.vendor=Oracle Corporation, os.name=Linux, sun.jnu.encoding=UTF-8, java.library.path=/usr/java/packages/lib/amd64:/usr/lib64:/lib64:/lib:/usr/lib, surefire.test.class.path=/github/rslvn/challange/target/test-classes:/github/rslvn/challange/target/classes:/home/resulav/.m2/repository/org/springframework/boot/spring-boot-starter-web/2.0.3.RELEASE/spring-boot-starter-web-2.0.3.RELEASE.jar:/home/resulav/.m2/repository/org/springframework/boot/spring-boot-starter/2.0.3.RELEASE/spring-boot-starter-2.0.3.RELEASE.jar:/home/resulav/.m2/repository/org/springframework/boot/spring-boot/2.0.3.RELEASE/spring-boot-2.0.3.RELEASE.jar:/home/resulav/.m2/repository/org/springframework/boot/spring-boot-autoconfigure/2.0.3.RELEASE/spring-boot-autoconfigure-2.0.3.RELEASE.jar:/home/resulav/.m2/repository/org/springframework/boot/spring-boot-starter-logging/2.0.3.RELEASE/spring-boot-starter-logging-2.0.3.RELEASE.jar:/home/resulav/.m2/repository/ch/qos/logback/logback-classic/1.2.3/logback-classic-1.2.3.jar:/home/resulav/.m2/repository/ch/qos/logback/logback-core/1.2.3/logback-core-1.2.3.jar:/home/resulav/.m2/repository/org/apache/logging/log4j/log4j-to-slf4j/2.10.0/log4j-to-slf4j-2.10.0.jar:/home/resulav/.m2/repository/org/apache/logging/log4j/log4j-api/2.10.0/log4j-api-2.10.0.jar:/home/resulav/.m2/repository/org/slf4j/jul-to-slf4j/1.7.25/jul-to-slf4j-1.7.25.jar:/home/resulav/.m2/repository/javax/annotation/javax.annotation-api/1.3.2/javax.annotation-api-1.3.2.jar:/home/resulav/.m2/repository/org/yaml/snakeyaml/1.19/snakeyaml-1.19.jar:/home/resulav/.m2/repository/org/springframework/boot/spring-boot-starter-json/2.0.3.RELEASE/spring-boot-starter-json-2.0.3.RELEASE.jar:/home/resulav/.m2/repository/com/fasterxml/jackson/core/jackson-databind/2.9.6/jackson-databind-2.9.6.jar:/home/resulav/.m2/repository/com/fasterxml/jackson/core/jackson-annotations/2.9.0/jackson-annotations-2.9.0.jar:/home/resulav/.m2/repository/com/fasterxml/jackson/core/jackson-core/2.9.6/jackson-core-2.9.6.jar:/home/resulav/.m2/repository/com/fasterxml/jackson/datatype/jackson-datatype-jdk8/2.9.6/jackson-datatype-jdk8-2.9.6.jar:/home/resulav/.m2/repository/com/fasterxml/jackson/datatype/jackson-datatype-jsr310/2.9.6/jackson-datatype-jsr310-2.9.6.jar:/home/resulav/.m2/repository/com/fasterxml/jackson/module/jackson-module-parameter-names/2.9.6/jackson-module-parameter-names-2.9.6.jar:/home/resulav/.m2/repository/org/springframework/boot/spring-boot-starter-tomcat/2.0.3.RELEASE/spring-boot-starter-tomcat-2.0.3.RELEASE.jar:/home/resulav/.m2/repository/org/apache/tomcat/embed/tomcat-embed-core/8.5.31/tomcat-embed-core-8.5.31.jar:/home/resulav/.m2/repository/org/apache/tomcat/embed/tomcat-embed-el/8.5.31/tomcat-embed-el-8.5.31.jar:/home/resulav/.m2/repository/org/apache/tomcat/embed/tomcat-embed-websocket/8.5.31/tomcat-embed-websocket-8.5.31.jar:/home/resulav/.m2/repository/org/hibernate/validator/hibernate-validator/6.0.10.Final/hibernate-validator-6.0.10.Final.jar:/home/resulav/.m2/repository/javax/validation/validation-api/2.0.1.Final/validation-api-2.0.1.Final.jar:/home/resulav/.m2/repository/org/jboss/logging/jboss-logging/3.3.2.Final/jboss-logging-3.3.2.Final.jar:/home/resulav/.m2/repository/com/fasterxml/classmate/1.3.4/classmate-1.3.4.jar:/home/resulav/.m2/repository/org/springframework/spring-web/5.0.7.RELEASE/spring-web-5.0.7.RELEASE.jar:/home/resulav/.m2/repository/org/springframework/spring-beans/5.0.7.RELEASE/spring-beans-5.0.7.RELEASE.jar:/home/resulav/.m2/repository/org/springframework/spring-webmvc/5.0.7.RELEASE/spring-webmvc-5.0.7.RELEASE.jar:/home/resulav/.m2/repository/org/springframework/spring-aop/5.0.7.RELEASE/spring-aop-5.0.7.RELEASE.jar:/home/resulav/.m2/repository/org/springframework/spring-context/5.0.7.RELEASE/spring-context-5.0.7.RELEASE.jar:/home/resulav/.m2/repository/org/springframework/spring-expression/5.0.7.RELEASE/spring-expression-5.0.7.RELEASE.jar:/home/resulav/.m2/repository/com/google/guava/guava/25.1-jre/guava-25.1-jre.jar:/home/resulav/.m2/repository/com/google/code/findbugs/jsr305/3.0.2/jsr305-3.0.2.jar:/home/resulav/.m2/repository/org/checkerframework/checker-qual/2.0.0/checker-qual-2.0.0.jar:/home/resulav/.m2/repository/com/google/errorprone/error_prone_annotations/2.1.3/error_prone_annotations-2.1.3.jar:/home/resulav/.m2/repository/com/google/j2objc/j2objc-annotations/1.1/j2objc-annotations-1.1.jar:/home/resulav/.m2/repository/org/codehaus/mojo/animal-sniffer-annotations/1.14/animal-sniffer-annotations-1.14.jar:/home/resulav/.m2/repository/org/springframework/boot/spring-boot-starter-test/2.0.3.RELEASE/spring-boot-starter-test-2.0.3.RELEASE.jar:/home/resulav/.m2/repository/org/springframework/boot/spring-boot-test/2.0.3.RELEASE/spring-boot-test-2.0.3.RELEASE.jar:/home/resulav/.m2/repository/org/springframework/boot/spring-boot-test-autoconfigure/2.0.3.RELEASE/spring-boot-test-autoconfigure-2.0.3.RELEASE.jar:/home/resulav/.m2/repository/com/jayway/jsonpath/json-path/2.4.0/json-path-2.4.0.jar:/home/resulav/.m2/repository/net/minidev/json-smart/2.3/json-smart-2.3.jar:/home/resulav/.m2/repository/net/minidev/accessors-smart/1.2/accessors-smart-1.2.jar:/home/resulav/.m2/repository/org/ow2/asm/asm/5.0.4/asm-5.0.4.jar:/home/resulav/.m2/repository/org/slf4j/slf4j-api/1.7.25/slf4j-api-1.7.25.jar:/home/resulav/.m2/repository/junit/junit/4.12/junit-4.12.jar:/home/resulav/.m2/repository/org/assertj/assertj-core/3.9.1/assertj-core-3.9.1.jar:/home/resulav/.m2/repository/org/mockito/mockito-core/2.15.0/mockito-core-2.15.0.jar:/home/resulav/.m2/repository/net/bytebuddy/byte-buddy/1.7.11/byte-buddy-1.7.11.jar:/home/resulav/.m2/repository/net/bytebuddy/byte-buddy-agent/1.7.11/byte-buddy-agent-1.7.11.jar:/home/resulav/.m2/repository/org/objenesis/objenesis/2.6/objenesis-2.6.jar:/home/resulav/.m2/repository/org/hamcrest/hamcrest-core/1.3/hamcrest-core-1.3.jar:/home/resulav/.m2/repository/org/hamcrest/hamcrest-library/1.3/hamcrest-library-1.3.jar:/home/resulav/.m2/repository/org/skyscreamer/jsonassert/1.5.0/jsonassert-1.5.0.jar:/home/resulav/.m2/repository/com/vaadin/external/google/android-json/0.0.20131108.vaadin1/android-json-0.0.20131108.vaadin1.jar:/home/resulav/.m2/repository/org/springframework/spring-core/5.0.7.RELEASE/spring-core-5.0.7.RELEASE.jar:/home/resulav/.m2/repository/org/springframework/spring-jcl/5.0.7.RELEASE/spring-jcl-5.0.7.RELEASE.jar:/home/resulav/.m2/repository/org/springframework/spring-test/5.0.7.RELEASE/spring-test-5.0.7.RELEASE.jar:/home/resulav/.m2/repository/org/xmlunit/xmlunit-core/2.5.1/xmlunit-core-2.5.1.jar:, java.specification.name=Java Platform API Specification, java.class.version=52.0, sun.management.compiler=HotSpot 64-Bit Tiered Compilers, os.version=4.15.0-29-generic, user.home=/home/resulav, user.timezone=Europe/Istanbul, java.awt.printerjob=sun.print.PSPrinterJob, file.encoding=UTF-8, java.specification.version=1.8, java.class.path=/github/rslvn/challange/target/test-classes:/github/rslvn/challange/target/classes:/home/resulav/.m2/repository/org/springframework/boot/spring-boot-starter-web/2.0.3.RELEASE/spring-boot-starter-web-2.0.3.RELEASE.jar:/home/resulav/.m2/repository/org/springframework/boot/spring-boot-starter/2.0.3.RELEASE/spring-boot-starter-2.0.3.RELEASE.jar:/home/resulav/.m2/repository/org/springframework/boot/spring-boot/2.0.3.RELEASE/spring-boot-2.0.3.RELEASE.jar:/home/resulav/.m2/repository/org/springframework/boot/spring-boot-autoconfigure/2.0.3.RELEASE/spring-boot-autoconfigure-2.0.3.RELEASE.jar:/home/resulav/.m2/repository/org/springframework/boot/spring-boot-starter-logging/2.0.3.RELEASE/spring-boot-starter-logging-2.0.3.RELEASE.jar:/home/resulav/.m2/repository/ch/qos/logback/logback-classic/1.2.3/logback-classic-1.2.3.jar:/home/resulav/.m2/repository/ch/qos/logback/logback-core/1.2.3/logback-core-1.2.3.jar:/home/resulav/.m2/repository/org/apache/logging/log4j/log4j-to-slf4j/2.10.0/log4j-to-slf4j-2.10.0.jar:/home/resulav/.m2/repository/org/apache/logging/log4j/log4j-api/2.10.0/log4j-api-2.10.0.jar:/home/resulav/.m2/repository/org/slf4j/jul-to-slf4j/1.7.25/jul-to-slf4j-1.7.25.jar:/home/resulav/.m2/repository/javax/annotation/javax.annotation-api/1.3.2/javax.annotation-api-1.3.2.jar:/home/resulav/.m2/repository/org/yaml/snakeyaml/1.19/snakeyaml-1.19.jar:/home/resulav/.m2/repository/org/springframework/boot/spring-boot-starter-json/2.0.3.RELEASE/spring-boot-starter-json-2.0.3.RELEASE.jar:/home/resulav/.m2/repository/com/fasterxml/jackson/core/jackson-databind/2.9.6/jackson-databind-2.9.6.jar:/home/resulav/.m2/repository/com/fasterxml/jackson/core/jackson-annotations/2.9.0/jackson-annotations-2.9.0.jar:/home/resulav/.m2/repository/com/fasterxml/jackson/core/jackson-core/2.9.6/jackson-core-2.9.6.jar:/home/resulav/.m2/repository/com/fasterxml/jackson/datatype/jackson-datatype-jdk8/2.9.6/jackson-datatype-jdk8-2.9.6.jar:/home/resulav/.m2/repository/com/fasterxml/jackson/datatype/jackson-datatype-jsr310/2.9.6/jackson-datatype-jsr310-2.9.6.jar:/home/resulav/.m2/repository/com/fasterxml/jackson/module/jackson-module-parameter-names/2.9.6/jackson-module-parameter-names-2.9.6.jar:/home/resulav/.m2/repository/org/springframework/boot/spring-boot-starter-tomcat/2.0.3.RELEASE/spring-boot-starter-tomcat-2.0.3.RELEASE.jar:/home/resulav/.m2/repository/org/apache/tomcat/embed/tomcat-embed-core/8.5.31/tomcat-embed-core-8.5.31.jar:/home/resulav/.m2/repository/org/apache/tomcat/embed/tomcat-embed-el/8.5.31/tomcat-embed-el-8.5.31.jar:/home/resulav/.m2/repository/org/apache/tomcat/embed/tomcat-embed-websocket/8.5.31/tomcat-embed-websocket-8.5.31.jar:/home/resulav/.m2/repository/org/hibernate/validator/hibernate-validator/6.0.10.Final/hibernate-validator-6.0.10.Final.jar:/home/resulav/.m2/repository/javax/validation/validation-api/2.0.1.Final/validation-api-2.0.1.Final.jar:/home/resulav/.m2/repository/org/jboss/logging/jboss-logging/3.3.2.Final/jboss-logging-3.3.2.Final.jar:/home/resulav/.m2/repository/com/fasterxml/classmate/1.3.4/classmate-1.3.4.jar:/home/resulav/.m2/repository/org/springframework/spring-web/5.0.7.RELEASE/spring-web-5.0.7.RELEASE.jar:/home/resulav/.m2/repository/org/springframework/spring-beans/5.0.7.RELEASE/spring-beans-5.0.7.RELEASE.jar:/home/resulav/.m2/repository/org/springframework/spring-webmvc/5.0.7.RELEASE/spring-webmvc-5.0.7.RELEASE.jar:/home/resulav/.m2/repository/org/springframework/spring-aop/5.0.7.RELEASE/spring-aop-5.0.7.RELEASE.jar:/home/resulav/.m2/repository/org/springframework/spring-context/5.0.7.RELEASE/spring-context-5.0.7.RELEASE.jar:/home/resulav/.m2/repository/org/springframework/spring-expression/5.0.7.RELEASE/spring-expression-5.0.7.RELEASE.jar:/home/resulav/.m2/repository/com/google/guava/guava/25.1-jre/guava-25.1-jre.jar:/home/resulav/.m2/repository/com/google/code/findbugs/jsr305/3.0.2/jsr305-3.0.2.jar:/home/resulav/.m2/repository/org/checkerframework/checker-qual/2.0.0/checker-qual-2.0.0.jar:/home/resulav/.m2/repository/com/google/errorprone/error_prone_annotations/2.1.3/error_prone_annotations-2.1.3.jar:/home/resulav/.m2/repository/com/google/j2objc/j2objc-annotations/1.1/j2objc-annotations-1.1.jar:/home/resulav/.m2/repository/org/codehaus/mojo/animal-sniffer-annotations/1.14/animal-sniffer-annotations-1.14.jar:/home/resulav/.m2/repository/org/springframework/boot/spring-boot-starter-test/2.0.3.RELEASE/spring-boot-starter-test-2.0.3.RELEASE.jar:/home/resulav/.m2/repository/org/springframework/boot/spring-boot-test/2.0.3.RELEASE/spring-boot-test-2.0.3.RELEASE.jar:/home/resulav/.m2/repository/org/springframework/boot/spring-boot-test-autoconfigure/2.0.3.RELEASE/spring-boot-test-autoconfigure-2.0.3.RELEASE.jar:/home/resulav/.m2/repository/com/jayway/jsonpath/json-path/2.4.0/json-path-2.4.0.jar:/home/resulav/.m2/repository/net/minidev/json-smart/2.3/json-smart-2.3.jar:/home/resulav/.m2/repository/net/minidev/accessors-smart/1.2/accessors-smart-1.2.jar:/home/resulav/.m2/repository/org/ow2/asm/asm/5.0.4/asm-5.0.4.jar:/home/resulav/.m2/repository/org/slf4j/slf4j-api/1.7.25/slf4j-api-1.7.25.jar:/home/resulav/.m2/repository/junit/junit/4.12/junit-4.12.jar:/home/resulav/.m2/repository/org/assertj/assertj-core/3.9.1/assertj-core-3.9.1.jar:/home/resulav/.m2/repository/org/mockito/mockito-core/2.15.0/mockito-core-2.15.0.jar:/home/resulav/.m2/repository/net/bytebuddy/byte-buddy/1.7.11/byte-buddy-1.7.11.jar:/home/resulav/.m2/repository/net/bytebuddy/byte-buddy-agent/1.7.11/byte-buddy-agent-1.7.11.jar:/home/resulav/.m2/repository/org/objenesis/objenesis/2.6/objenesis-2.6.jar:/home/resulav/.m2/repository/org/hamcrest/hamcrest-core/1.3/hamcrest-core-1.3.jar:/home/resulav/.m2/repository/org/hamcrest/hamcrest-library/1.3/hamcrest-library-1.3.jar:/home/resulav/.m2/repository/org/skyscreamer/jsonassert/1.5.0/jsonassert-1.5.0.jar:/home/resulav/.m2/repository/com/vaadin/external/google/android-json/0.0.20131108.vaadin1/android-json-0.0.20131108.vaadin1.jar:/home/resulav/.m2/repository/org/springframework/spring-core/5.0.7.RELEASE/spring-core-5.0.7.RELEASE.jar:/home/resulav/.m2/repository/org/springframework/spring-jcl/5.0.7.RELEASE/spring-jcl-5.0.7.RELEASE.jar:/home/resulav/.m2/repository/org/springframework/spring-test/5.0.7.RELEASE/spring-test-5.0.7.RELEASE.jar:/home/resulav/.m2/repository/org/xmlunit/xmlunit-core/2.5.1/xmlunit-core-2.5.1.jar:, user.name=resulav, java.vm.specification.version=1.8, sun.java.command=/github/rslvn/challange/target/surefire/surefirebooter5469677921514506371.jar /github/rslvn/challange/target/surefire 2018-08-03T16-00-42_592-jvmRun1 surefire6368365848011678040tmp surefire_05545607294202261046tmp, java.home=/tools/jdk1.8.0_121/jre, sun.arch.data.model=64, user.language=en, java.specification.vendor=Oracle Corporation, awt.toolkit=sun.awt.X11.XToolkit, java.vm.info=mixed mode, java.version=1.8.0_121, java.ext.dirs=/tools/jdk1.8.0_121/jre/lib/ext:/usr/java/packages/lib/ext, sun.boot.class.path=/tools/jdk1.8.0_121/jre/lib/resources.jar:/tools/jdk1.8.0_121/jre/lib/rt.jar:/tools/jdk1.8.0_121/jre/lib/sunrsasign.jar:/tools/jdk1.8.0_121/jre/lib/jsse.jar:/tools/jdk1.8.0_121/jre/lib/jce.jar:/tools/jdk1.8.0_121/jre/lib/charsets.jar:/tools/jdk1.8.0_121/jre/lib/jfr.jar:/tools/jdk1.8.0_121/jre/classes, java.vendor=Oracle Corporation, localRepository=/home/resulav/.m2/repository, file.separator=/, java.vendor.url.bug=http://bugreport.sun.com/bugreport/, sun.io.unicode.encoding=UnicodeLittle, sun.cpu.endian=little, sun.desktop=gnome, sun.cpu.isalist=}}, SystemEnvironmentPropertySource@891715540 {name='systemEnvironment', properties={PATH=/tools/java/bin:/tools/maven/bin:/tools/idea/bin:/tools/eclipse:/tools/webstorm/bin:/tools/pycharm/bin:/tools/robomongo/bin:/tools/bin:/home/resulav/bin:/home/resulav/.local/bin:/home/resulav/.sdkman/candidates/gradle/current/bin:/home/resulav/.nvm/versions/node/v9.4.0/bin:/tools/java/bin:/tools/maven/bin:/tools/idea/bin:/tools/eclipse:/tools/webstorm/bin:/tools/pycharm/bin:/tools/robomongo/bin:/tools/bin:/home/resulav/bin:/home/resulav/.local/bin:/usr/local/sbin:/usr/local/bin:/usr/sbin:/usr/bin:/sbin:/bin:/usr/games:/usr/local/games:/snap/bin:/usr/lib/jvm/java-8-oracle/bin:/usr/lib/jvm/java-8-oracle/db/bin:/usr/lib/jvm/java-8-oracle/jre/bin:/usr/lib/jvm/java-8-oracle/bin:/usr/lib/jvm/java-8-oracle/db/bin:/usr/lib/jvm/java-8-oracle/jre/bin, SDKMAN_VERSION=5.6.5+313, XMODIFIERS=@im=ibus, GDMSESSION=ubuntu, DBUS_SESSION_BUS_ADDRESS=unix:abstract=/tmp/dbus-SqtFMxILQ1, DEFAULTS_PATH=/usr/share/gconf/ubuntu.default.path, JRE_HOME=/tools/java/jre, UPSTART_SESSION=unix:abstract=/com/ubuntu/upstart-session/1000/4520, LC_PAPER=tr_TR.UTF-8, SDKMAN_DIR=/home/resulav/.sdkman, SESSION_MANAGER=local/resula-pc:@/tmp/.ICE-unix/6658,unix/resula-pc:/tmp/.ICE-unix/6658, PYCHARM_HOME=/tools/pycharm, PWD=/github/rslvn/challange, DERBY_HOME=/usr/lib/jvm/java-8-oracle/db, LANGUAGE=en_US, NVM_CD_FLAGS=, LESSOPEN=| /usr/bin/lesspipe %s, UNITY_HAS_3D_SUPPORT=true, INSTANCE=, GNOME_DESKTOP_SESSION_ID=this-is-deprecated, UPSTART_INSTANCE=, GTK_MODULES=gail:atk-bridge:unity-gtk-module, CLUTTER_IM_MODULE=xim, COMPIZ_BIN_PATH=/usr/bin/, ROBOMONGO=/tools/robomongo, SHLVL=1, JAVA_HOME=/tools/java, TERM=vt100, XDG_CONFIG_DIRS=/etc/xdg/xdg-ubuntu:/usr/share/upstart/xdg:/etc/xdg, XDG_SEAT_PATH=/org/freedesktop/DisplayManager/Seat0, XDG_SESSION_ID=c2, GRADLE_HOME=/home/resulav/.sdkman/candidates/gradle/current, UNITY_DEFAULT_PROFILE=unity, LC_NAME=tr_TR.UTF-8, _=/tools/maven/bin/mvn, XDG_GREETER_DATA_DIR=/var/lib/lightdm-data/resulav, WEBSTORM_HOME=/tools/webstorm, UPSTART_EVENTS=xsession started, MAVEN_PROJECTBASEDIR=/github/rslvn/challange, DESKTOP_SESSION=ubuntu, SESSION=ubuntu, XDG_MENU_PREFIX=gnome-, QT_ACCESSIBILITY=1, NLSPATH=/usr/dt/lib/nls/msg/%L/%N.cat, NVM_BIN=/home/resulav/.nvm/versions/node/v9.4.0/bin, LC_MEASUREMENT=tr_TR.UTF-8, XAUTHORITY=/home/resulav/.Xauthority, LC_TELEPHONE=tr_TR.UTF-8, XDG_DATA_DIRS=/usr/share/ubuntu:/usr/share/gnome:/usr/local/share:/usr/share:/var/lib/snapd/desktop:/var/lib/snapd/desktop, MANDATORY_PATH=/usr/share/gconf/ubuntu.mandatory.path, LC_TIME=tr_TR.UTF-8, GTK_IM_MODULE=ibus, IDEA_HOME=/tools/idea, XDG_CURRENT_DESKTOP=Unity, MAVEN_HOME=/tools/maven, QT4_IM_MODULE=xim, QT_LINUX_ACCESSIBILITY_ALWAYS_ON=1, LOGNAME=resulav, JOB=unity-settings-daemon, IM_CONFIG_PHASE=1, SHELL=/bin/bash, LC_ADDRESS=tr_TR.UTF-8, GIO_LAUNCHED_DESKTOP_FILE=/usr/share/applications/SecureCRT.desktop, GTK2_MODULES=overlay-scrollbar, J2SDKDIR=/usr/lib/jvm/java-8-oracle, OLDPWD=/github/rslvn/challange, J2REDIR=/usr/lib/jvm/java-8-oracle/jre, XDG_SESSION_PATH=/org/freedesktop/DisplayManager/Session0, SESSIONTYPE=gnome-session, LS_COLORS=rs=0:di=01;34:ln=01;36:mh=00:pi=40;33:so=01;35:do=01;35:bd=40;33;01:cd=40;33;01:or=40;31;01:mi=00:su=37;41:sg=30;43:ca=30;41:tw=30;42:ow=34;42:st=37;44:ex=01;32:*.tar=01;31:*.tgz=01;31:*.arc=01;31:*.arj=01;31:*.taz=01;31:*.lha=01;31:*.lz4=01;31:*.lzh=01;31:*.lzma=01;31:*.tlz=01;31:*.txz=01;31:*.tzo=01;31:*.t7z=01;31:*.zip=01;31:*.z=01;31:*.Z=01;31:*.dz=01;31:*.gz=01;31:*.lrz=01;31:*.lz=01;31:*.lzo=01;31:*.xz=01;31:*.bz2=01;31:*.bz=01;31:*.tbz=01;31:*.tbz2=01;31:*.tz=01;31:*.deb=01;31:*.rpm=01;31:*.jar=01;31:*.war=01;31:*.ear=01;31:*.sar=01;31:*.rar=01;31:*.alz=01;31:*.ace=01;31:*.zoo=01;31:*.cpio=01;31:*.7z=01;31:*.rz=01;31:*.cab=01;31:*.jpg=01;35:*.jpeg=01;35:*.gif=01;35:*.bmp=01;35:*.pbm=01;35:*.pgm=01;35:*.ppm=01;35:*.tga=01;35:*.xbm=01;35:*.xpm=01;35:*.tif=01;35:*.tiff=01;35:*.png=01;35:*.svg=01;35:*.svgz=01;35:*.mng=01;35:*.pcx=01;35:*.mov=01;35:*.mpg=01;35:*.mpeg=01;35:*.m2v=01;35:*.mkv=01;35:*.webm=01;35:*.ogm=01;35:*.mp4=01;35:*.m4v=01;35:*.mp4v=01;35:*.vob=01;35:*.qt=01;35:*.nuv=01;35:*.wmv=01;35:*.asf=01;35:*.rm=01;35:*.rmvb=01;35:*.flc=01;35:*.avi=01;35:*.fli=01;35:*.flv=01;35:*.gl=01;35:*.dl=01;35:*.xcf=01;35:*.xwd=01;35:*.yuv=01;35:*.cgm=01;35:*.emf=01;35:*.ogv=01;35:*.ogx=01;35:*.aac=00;36:*.au=00;36:*.flac=00;36:*.m4a=00;36:*.mid=00;36:*.midi=00;36:*.mka=00;36:*.mp3=00;36:*.mpc=00;36:*.ogg=00;36:*.ra=00;36:*.wav=00;36:*.oga=00;36:*.opus=00;36:*.spx=00;36:*.xspf=00;36:, XDG_SESSION_DESKTOP=ubuntu, SDKMAN_CURRENT_API=https://api.sdkman.io/2, LC_IDENTIFICATION=tr_TR.UTF-8, LESSCLOSE=/usr/bin/lesspipe %s %s, LC_MONETARY=tr_TR.UTF-8, COMPIZ_CONFIG_PROFILE=ubuntu, QT_IM_MODULE=ibus, UPSTART_JOB=unity7, XFILESEARCHPATH=/usr/dt/app-defaults/%L/Dt, LANG=en_US.UTF-8, GNOME_KEYRING_CONTROL=, XDG_SESSION_TYPE=x11, DISPLAY=:0, ECLIPSE_HOME=/tools/eclipse, MAVEN_CMD_LINE_ARGS= clean package, SDKMAN_CANDIDATES_DIR=/home/resulav/.sdkman/candidates, SDKMAN_LEGACY_API=https://api.sdkman.io/1, GDM_LANG=en_US, NVM_DIR=/home/resulav/.nvm, GPG_AGENT_INFO=/home/resulav/.gnupg/S.gpg-agent:0:1, SDKMAN_PLATFORM=Linux64, USER=resulav, GIO_LAUNCHED_DESKTOP_FILE_PID=23255, LC_NUMERIC=tr_TR.UTF-8, SSH_AUTH_SOCK=/run/user/1000/keyring/ssh, XDG_SEAT=seat0, QT_QPA_PLATFORMTHEME=appmenu-qt5, XDG_VTNR=7, XDG_RUNTIME_DIR=/run/user/1000, HOME=/home/resulav, GNOME_KEYRING_PID=}}]
16:00:43.937 [main] DEBUG org.springframework.core.io.support.PathMatchingResourcePatternResolver - Resolved classpath location [com/n26/challange/] to resources [URL [file:/github/rslvn/challange/target/test-classes/com/n26/challange/], URL [file:/github/rslvn/challange/target/classes/com/n26/challange/]]
16:00:43.944 [main] DEBUG org.springframework.core.io.support.PathMatchingResourcePatternResolver - Looking for matching resources in directory tree [/github/rslvn/challange/target/test-classes/com/n26/challange]
16:00:43.945 [main] DEBUG org.springframework.core.io.support.PathMatchingResourcePatternResolver - Searching directory [/github/rslvn/challange/target/test-classes/com/n26/challange] for files matching pattern [/github/rslvn/challange/target/test-classes/com/n26/challange/*.class]
16:00:43.950 [main] DEBUG org.springframework.core.io.support.PathMatchingResourcePatternResolver - Looking for matching resources in directory tree [/github/rslvn/challange/target/classes/com/n26/challange]
16:00:43.961 [main] DEBUG org.springframework.core.io.support.PathMatchingResourcePatternResolver - Searching directory [/github/rslvn/challange/target/classes/com/n26/challange] for files matching pattern [/github/rslvn/challange/target/classes/com/n26/challange/*.class]
16:00:43.962 [main] DEBUG org.springframework.core.io.support.PathMatchingResourcePatternResolver - Resolved location pattern [classpath*:com/n26/challange/*.class] to resources [file [/github/rslvn/challange/target/test-classes/com/n26/challange/ChallangeAppConstantTest.class], file [/github/rslvn/challange/target/test-classes/com/n26/challange/ChallangeApplicationTests.class], file [/github/rslvn/challange/target/classes/com/n26/challange/ChallangeAppConstant.class], file [/github/rslvn/challange/target/classes/com/n26/challange/ChallangeApplication.class]]
16:00:44.084 [main] DEBUG org.springframework.context.annotation.ClassPathScanningCandidateComponentProvider - Identified candidate component class: file [/github/rslvn/challange/target/classes/com/n26/challange/ChallangeApplication.class]
16:00:44.085 [main] INFO org.springframework.boot.test.context.SpringBootTestContextBootstrapper - Found @SpringBootConfiguration com.n26.challange.ChallangeApplication for test class com.n26.challange.ChallangeApplicationTests
16:00:44.283 [main] DEBUG org.springframework.boot.test.context.SpringBootTestContextBootstrapper - @TestExecutionListeners is not present for class [com.n26.challange.ChallangeApplicationTests]: using defaults.
16:00:44.284 [main] INFO org.springframework.boot.test.context.SpringBootTestContextBootstrapper - Loaded default TestExecutionListener class names from location [META-INF/spring.factories]: [org.springframework.boot.test.mock.mockito.MockitoTestExecutionListener, org.springframework.boot.test.mock.mockito.ResetMocksTestExecutionListener, org.springframework.boot.test.autoconfigure.restdocs.RestDocsTestExecutionListener, org.springframework.boot.test.autoconfigure.web.client.MockRestServiceServerResetTestExecutionListener, org.springframework.boot.test.autoconfigure.web.servlet.MockMvcPrintOnlyOnFailureTestExecutionListener, org.springframework.boot.test.autoconfigure.web.servlet.WebDriverTestExecutionListener, org.springframework.test.context.web.ServletTestExecutionListener, org.springframework.test.context.support.DirtiesContextBeforeModesTestExecutionListener, org.springframework.test.context.support.DependencyInjectionTestExecutionListener, org.springframework.test.context.support.DirtiesContextTestExecutionListener, org.springframework.test.context.transaction.TransactionalTestExecutionListener, org.springframework.test.context.jdbc.SqlScriptsTestExecutionListener]
16:00:44.324 [main] DEBUG org.springframework.boot.test.context.SpringBootTestContextBootstrapper - Skipping candidate TestExecutionListener [org.springframework.test.context.transaction.TransactionalTestExecutionListener] due to a missing dependency. Specify custom listener classes or make the default listener classes and their required dependencies available. Offending class: [org/springframework/transaction/TransactionDefinition]
16:00:44.326 [main] DEBUG org.springframework.boot.test.context.SpringBootTestContextBootstrapper - Skipping candidate TestExecutionListener [org.springframework.test.context.jdbc.SqlScriptsTestExecutionListener] due to a missing dependency. Specify custom listener classes or make the default listener classes and their required dependencies available. Offending class: [org/springframework/transaction/interceptor/TransactionAttribute]
16:00:44.327 [main] INFO org.springframework.boot.test.context.SpringBootTestContextBootstrapper - Using TestExecutionListeners: [org.springframework.test.context.web.ServletTestExecutionListener@372954e1, org.springframework.test.context.support.DirtiesContextBeforeModesTestExecutionListener@5fd8dd66, org.springframework.boot.test.mock.mockito.MockitoTestExecutionListener@173511ff, org.springframework.boot.test.autoconfigure.SpringBootDependencyInjectionTestExecutionListener@6df11e91, org.springframework.test.context.support.DirtiesContextTestExecutionListener@1002d192, org.springframework.boot.test.mock.mockito.ResetMocksTestExecutionListener@9281d19, org.springframework.boot.test.autoconfigure.restdocs.RestDocsTestExecutionListener@36ad5f2a, org.springframework.boot.test.autoconfigure.web.client.MockRestServiceServerResetTestExecutionListener@53cddaf8, org.springframework.boot.test.autoconfigure.web.servlet.MockMvcPrintOnlyOnFailureTestExecutionListener@55c50f52, org.springframework.boot.test.autoconfigure.web.servlet.WebDriverTestExecutionListener@1ccc1026]
16:00:44.332 [main] DEBUG org.springframework.test.annotation.ProfileValueUtils - Retrieved @ProfileValueSourceConfiguration [null] for test class [com.n26.challange.ChallangeApplicationTests]
16:00:44.334 [main] DEBUG org.springframework.test.annotation.ProfileValueUtils - Retrieved ProfileValueSource type [class org.springframework.test.annotation.SystemProfileValueSource] for class [com.n26.challange.ChallangeApplicationTests]
16:00:44.336 [main] DEBUG org.springframework.test.annotation.ProfileValueUtils - Retrieved @ProfileValueSourceConfiguration [null] for test class [com.n26.challange.ChallangeApplicationTests]
16:00:44.337 [main] DEBUG org.springframework.test.annotation.ProfileValueUtils - Retrieved ProfileValueSource type [class org.springframework.test.annotation.SystemProfileValueSource] for class [com.n26.challange.ChallangeApplicationTests]
16:00:44.339 [main] DEBUG org.springframework.test.annotation.ProfileValueUtils - Retrieved @ProfileValueSourceConfiguration [null] for test class [com.n26.challange.ChallangeApplicationTests]
16:00:44.340 [main] DEBUG org.springframework.test.annotation.ProfileValueUtils - Retrieved ProfileValueSource type [class org.springframework.test.annotation.SystemProfileValueSource] for class [com.n26.challange.ChallangeApplicationTests]
16:00:44.348 [main] DEBUG org.springframework.test.context.support.AbstractDirtiesContextTestExecutionListener - Before test class: context [DefaultTestContext@3ef3f661 testClass = ChallangeApplicationTests, testInstance = [null], testMethod = [null], testException = [null], mergedContextConfiguration = [WebMergedContextConfiguration@baa9ce4 testClass = ChallangeApplicationTests, locations = '{}', classes = '{class com.n26.challange.ChallangeApplication}', contextInitializerClasses = '[]', activeProfiles = '{}', propertySourceLocations = '{}', propertySourceProperties = '{org.springframework.boot.test.context.SpringBootTestContextBootstrapper=true}', contextCustomizers = set[org.springframework.boot.test.context.filter.ExcludeFilterContextCustomizer@701bc94e, org.springframework.boot.test.json.DuplicateJsonObjectContextCustomizerFactory$DuplicateJsonObjectContextCustomizer@59c33386, org.springframework.boot.test.mock.mockito.MockitoContextCustomizer@0, org.springframework.boot.test.web.client.TestRestTemplateContextCustomizer@5ac6c4f2, org.springframework.boot.test.autoconfigure.properties.PropertyMappingContextCustomizer@0, org.springframework.boot.test.autoconfigure.web.servlet.WebDriverContextCustomizerFactory$Customizer@45bf6f39], resourceBasePath = 'src/main/webapp', contextLoader = 'org.springframework.boot.test.context.SpringBootContextLoader', parent = [null]], attributes = map['org.springframework.test.context.web.ServletTestExecutionListener.activateListener' -> true]], class annotated with @DirtiesContext [false] with mode [null].
16:00:44.352 [main] DEBUG org.springframework.test.annotation.ProfileValueUtils - Retrieved @ProfileValueSourceConfiguration [null] for test class [com.n26.challange.ChallangeApplicationTests]
16:00:44.353 [main] DEBUG org.springframework.test.annotation.ProfileValueUtils - Retrieved ProfileValueSource type [class org.springframework.test.annotation.SystemProfileValueSource] for class [com.n26.challange.ChallangeApplicationTests]
16:00:44.391 [main] DEBUG org.springframework.core.env.StandardEnvironment - Adding PropertySource 'systemProperties' with lowest search precedence
16:00:44.392 [main] DEBUG org.springframework.core.env.StandardEnvironment - Adding PropertySource 'systemEnvironment' with lowest search precedence
16:00:44.393 [main] DEBUG org.springframework.core.env.StandardEnvironment - Initialized StandardEnvironment with PropertySources [MapPropertySource@1478683866 {name='systemProperties', properties={java.runtime.name=Java(TM) SE Runtime Environment, sun.boot.library.path=/tools/jdk1.8.0_121/jre/lib/amd64, java.vm.version=25.121-b13, java.vm.vendor=Oracle Corporation, java.vendor.url=http://java.oracle.com/, path.separator=:, java.vm.name=Java HotSpot(TM) 64-Bit Server VM, file.encoding.pkg=sun.io, user.country=US, sun.java.launcher=SUN_STANDARD, sun.os.patch.level=unknown, java.vm.specification.name=Java Virtual Machine Specification, user.dir=/github/rslvn/challange, java.runtime.version=1.8.0_121-b13, basedir=/github/rslvn/challange, java.awt.graphicsenv=sun.awt.X11GraphicsEnvironment, java.endorsed.dirs=/tools/jdk1.8.0_121/jre/lib/endorsed, os.arch=amd64, surefire.real.class.path=/github/rslvn/challange/target/surefire/surefirebooter5469677921514506371.jar:/home/resulav/.m2/repository/org/jacoco/org.jacoco.agent/0.8.1/org.jacoco.agent-0.8.1-runtime.jar, java.io.tmpdir=/tmp, line.separator=
, java.vm.specification.vendor=Oracle Corporation, os.name=Linux, sun.jnu.encoding=UTF-8, java.library.path=/usr/java/packages/lib/amd64:/usr/lib64:/lib64:/lib:/usr/lib, surefire.test.class.path=/github/rslvn/challange/target/test-classes:/github/rslvn/challange/target/classes:/home/resulav/.m2/repository/org/springframework/boot/spring-boot-starter-web/2.0.3.RELEASE/spring-boot-starter-web-2.0.3.RELEASE.jar:/home/resulav/.m2/repository/org/springframework/boot/spring-boot-starter/2.0.3.RELEASE/spring-boot-starter-2.0.3.RELEASE.jar:/home/resulav/.m2/repository/org/springframework/boot/spring-boot/2.0.3.RELEASE/spring-boot-2.0.3.RELEASE.jar:/home/resulav/.m2/repository/org/springframework/boot/spring-boot-autoconfigure/2.0.3.RELEASE/spring-boot-autoconfigure-2.0.3.RELEASE.jar:/home/resulav/.m2/repository/org/springframework/boot/spring-boot-starter-logging/2.0.3.RELEASE/spring-boot-starter-logging-2.0.3.RELEASE.jar:/home/resulav/.m2/repository/ch/qos/logback/logback-classic/1.2.3/logback-classic-1.2.3.jar:/home/resulav/.m2/repository/ch/qos/logback/logback-core/1.2.3/logback-core-1.2.3.jar:/home/resulav/.m2/repository/org/apache/logging/log4j/log4j-to-slf4j/2.10.0/log4j-to-slf4j-2.10.0.jar:/home/resulav/.m2/repository/org/apache/logging/log4j/log4j-api/2.10.0/log4j-api-2.10.0.jar:/home/resulav/.m2/repository/org/slf4j/jul-to-slf4j/1.7.25/jul-to-slf4j-1.7.25.jar:/home/resulav/.m2/repository/javax/annotation/javax.annotation-api/1.3.2/javax.annotation-api-1.3.2.jar:/home/resulav/.m2/repository/org/yaml/snakeyaml/1.19/snakeyaml-1.19.jar:/home/resulav/.m2/repository/org/springframework/boot/spring-boot-starter-json/2.0.3.RELEASE/spring-boot-starter-json-2.0.3.RELEASE.jar:/home/resulav/.m2/repository/com/fasterxml/jackson/core/jackson-databind/2.9.6/jackson-databind-2.9.6.jar:/home/resulav/.m2/repository/com/fasterxml/jackson/core/jackson-annotations/2.9.0/jackson-annotations-2.9.0.jar:/home/resulav/.m2/repository/com/fasterxml/jackson/core/jackson-core/2.9.6/jackson-core-2.9.6.jar:/home/resulav/.m2/repository/com/fasterxml/jackson/datatype/jackson-datatype-jdk8/2.9.6/jackson-datatype-jdk8-2.9.6.jar:/home/resulav/.m2/repository/com/fasterxml/jackson/datatype/jackson-datatype-jsr310/2.9.6/jackson-datatype-jsr310-2.9.6.jar:/home/resulav/.m2/repository/com/fasterxml/jackson/module/jackson-module-parameter-names/2.9.6/jackson-module-parameter-names-2.9.6.jar:/home/resulav/.m2/repository/org/springframework/boot/spring-boot-starter-tomcat/2.0.3.RELEASE/spring-boot-starter-tomcat-2.0.3.RELEASE.jar:/home/resulav/.m2/repository/org/apache/tomcat/embed/tomcat-embed-core/8.5.31/tomcat-embed-core-8.5.31.jar:/home/resulav/.m2/repository/org/apache/tomcat/embed/tomcat-embed-el/8.5.31/tomcat-embed-el-8.5.31.jar:/home/resulav/.m2/repository/org/apache/tomcat/embed/tomcat-embed-websocket/8.5.31/tomcat-embed-websocket-8.5.31.jar:/home/resulav/.m2/repository/org/hibernate/validator/hibernate-validator/6.0.10.Final/hibernate-validator-6.0.10.Final.jar:/home/resulav/.m2/repository/javax/validation/validation-api/2.0.1.Final/validation-api-2.0.1.Final.jar:/home/resulav/.m2/repository/org/jboss/logging/jboss-logging/3.3.2.Final/jboss-logging-3.3.2.Final.jar:/home/resulav/.m2/repository/com/fasterxml/classmate/1.3.4/classmate-1.3.4.jar:/home/resulav/.m2/repository/org/springframework/spring-web/5.0.7.RELEASE/spring-web-5.0.7.RELEASE.jar:/home/resulav/.m2/repository/org/springframework/spring-beans/5.0.7.RELEASE/spring-beans-5.0.7.RELEASE.jar:/home/resulav/.m2/repository/org/springframework/spring-webmvc/5.0.7.RELEASE/spring-webmvc-5.0.7.RELEASE.jar:/home/resulav/.m2/repository/org/springframework/spring-aop/5.0.7.RELEASE/spring-aop-5.0.7.RELEASE.jar:/home/resulav/.m2/repository/org/springframework/spring-context/5.0.7.RELEASE/spring-context-5.0.7.RELEASE.jar:/home/resulav/.m2/repository/org/springframework/spring-expression/5.0.7.RELEASE/spring-expression-5.0.7.RELEASE.jar:/home/resulav/.m2/repository/com/google/guava/guava/25.1-jre/guava-25.1-jre.jar:/home/resulav/.m2/repository/com/google/code/findbugs/jsr305/3.0.2/jsr305-3.0.2.jar:/home/resulav/.m2/repository/org/checkerframework/checker-qual/2.0.0/checker-qual-2.0.0.jar:/home/resulav/.m2/repository/com/google/errorprone/error_prone_annotations/2.1.3/error_prone_annotations-2.1.3.jar:/home/resulav/.m2/repository/com/google/j2objc/j2objc-annotations/1.1/j2objc-annotations-1.1.jar:/home/resulav/.m2/repository/org/codehaus/mojo/animal-sniffer-annotations/1.14/animal-sniffer-annotations-1.14.jar:/home/resulav/.m2/repository/org/springframework/boot/spring-boot-starter-test/2.0.3.RELEASE/spring-boot-starter-test-2.0.3.RELEASE.jar:/home/resulav/.m2/repository/org/springframework/boot/spring-boot-test/2.0.3.RELEASE/spring-boot-test-2.0.3.RELEASE.jar:/home/resulav/.m2/repository/org/springframework/boot/spring-boot-test-autoconfigure/2.0.3.RELEASE/spring-boot-test-autoconfigure-2.0.3.RELEASE.jar:/home/resulav/.m2/repository/com/jayway/jsonpath/json-path/2.4.0/json-path-2.4.0.jar:/home/resulav/.m2/repository/net/minidev/json-smart/2.3/json-smart-2.3.jar:/home/resulav/.m2/repository/net/minidev/accessors-smart/1.2/accessors-smart-1.2.jar:/home/resulav/.m2/repository/org/ow2/asm/asm/5.0.4/asm-5.0.4.jar:/home/resulav/.m2/repository/org/slf4j/slf4j-api/1.7.25/slf4j-api-1.7.25.jar:/home/resulav/.m2/repository/junit/junit/4.12/junit-4.12.jar:/home/resulav/.m2/repository/org/assertj/assertj-core/3.9.1/assertj-core-3.9.1.jar:/home/resulav/.m2/repository/org/mockito/mockito-core/2.15.0/mockito-core-2.15.0.jar:/home/resulav/.m2/repository/net/bytebuddy/byte-buddy/1.7.11/byte-buddy-1.7.11.jar:/home/resulav/.m2/repository/net/bytebuddy/byte-buddy-agent/1.7.11/byte-buddy-agent-1.7.11.jar:/home/resulav/.m2/repository/org/objenesis/objenesis/2.6/objenesis-2.6.jar:/home/resulav/.m2/repository/org/hamcrest/hamcrest-core/1.3/hamcrest-core-1.3.jar:/home/resulav/.m2/repository/org/hamcrest/hamcrest-library/1.3/hamcrest-library-1.3.jar:/home/resulav/.m2/repository/org/skyscreamer/jsonassert/1.5.0/jsonassert-1.5.0.jar:/home/resulav/.m2/repository/com/vaadin/external/google/android-json/0.0.20131108.vaadin1/android-json-0.0.20131108.vaadin1.jar:/home/resulav/.m2/repository/org/springframework/spring-core/5.0.7.RELEASE/spring-core-5.0.7.RELEASE.jar:/home/resulav/.m2/repository/org/springframework/spring-jcl/5.0.7.RELEASE/spring-jcl-5.0.7.RELEASE.jar:/home/resulav/.m2/repository/org/springframework/spring-test/5.0.7.RELEASE/spring-test-5.0.7.RELEASE.jar:/home/resulav/.m2/repository/org/xmlunit/xmlunit-core/2.5.1/xmlunit-core-2.5.1.jar:, java.specification.name=Java Platform API Specification, java.class.version=52.0, sun.management.compiler=HotSpot 64-Bit Tiered Compilers, os.version=4.15.0-29-generic, user.home=/home/resulav, user.timezone=Europe/Istanbul, java.awt.printerjob=sun.print.PSPrinterJob, file.encoding=UTF-8, java.specification.version=1.8, java.class.path=/github/rslvn/challange/target/test-classes:/github/rslvn/challange/target/classes:/home/resulav/.m2/repository/org/springframework/boot/spring-boot-starter-web/2.0.3.RELEASE/spring-boot-starter-web-2.0.3.RELEASE.jar:/home/resulav/.m2/repository/org/springframework/boot/spring-boot-starter/2.0.3.RELEASE/spring-boot-starter-2.0.3.RELEASE.jar:/home/resulav/.m2/repository/org/springframework/boot/spring-boot/2.0.3.RELEASE/spring-boot-2.0.3.RELEASE.jar:/home/resulav/.m2/repository/org/springframework/boot/spring-boot-autoconfigure/2.0.3.RELEASE/spring-boot-autoconfigure-2.0.3.RELEASE.jar:/home/resulav/.m2/repository/org/springframework/boot/spring-boot-starter-logging/2.0.3.RELEASE/spring-boot-starter-logging-2.0.3.RELEASE.jar:/home/resulav/.m2/repository/ch/qos/logback/logback-classic/1.2.3/logback-classic-1.2.3.jar:/home/resulav/.m2/repository/ch/qos/logback/logback-core/1.2.3/logback-core-1.2.3.jar:/home/resulav/.m2/repository/org/apache/logging/log4j/log4j-to-slf4j/2.10.0/log4j-to-slf4j-2.10.0.jar:/home/resulav/.m2/repository/org/apache/logging/log4j/log4j-api/2.10.0/log4j-api-2.10.0.jar:/home/resulav/.m2/repository/org/slf4j/jul-to-slf4j/1.7.25/jul-to-slf4j-1.7.25.jar:/home/resulav/.m2/repository/javax/annotation/javax.annotation-api/1.3.2/javax.annotation-api-1.3.2.jar:/home/resulav/.m2/repository/org/yaml/snakeyaml/1.19/snakeyaml-1.19.jar:/home/resulav/.m2/repository/org/springframework/boot/spring-boot-starter-json/2.0.3.RELEASE/spring-boot-starter-json-2.0.3.RELEASE.jar:/home/resulav/.m2/repository/com/fasterxml/jackson/core/jackson-databind/2.9.6/jackson-databind-2.9.6.jar:/home/resulav/.m2/repository/com/fasterxml/jackson/core/jackson-annotations/2.9.0/jackson-annotations-2.9.0.jar:/home/resulav/.m2/repository/com/fasterxml/jackson/core/jackson-core/2.9.6/jackson-core-2.9.6.jar:/home/resulav/.m2/repository/com/fasterxml/jackson/datatype/jackson-datatype-jdk8/2.9.6/jackson-datatype-jdk8-2.9.6.jar:/home/resulav/.m2/repository/com/fasterxml/jackson/datatype/jackson-datatype-jsr310/2.9.6/jackson-datatype-jsr310-2.9.6.jar:/home/resulav/.m2/repository/com/fasterxml/jackson/module/jackson-module-parameter-names/2.9.6/jackson-module-parameter-names-2.9.6.jar:/home/resulav/.m2/repository/org/springframework/boot/spring-boot-starter-tomcat/2.0.3.RELEASE/spring-boot-starter-tomcat-2.0.3.RELEASE.jar:/home/resulav/.m2/repository/org/apache/tomcat/embed/tomcat-embed-core/8.5.31/tomcat-embed-core-8.5.31.jar:/home/resulav/.m2/repository/org/apache/tomcat/embed/tomcat-embed-el/8.5.31/tomcat-embed-el-8.5.31.jar:/home/resulav/.m2/repository/org/apache/tomcat/embed/tomcat-embed-websocket/8.5.31/tomcat-embed-websocket-8.5.31.jar:/home/resulav/.m2/repository/org/hibernate/validator/hibernate-validator/6.0.10.Final/hibernate-validator-6.0.10.Final.jar:/home/resulav/.m2/repository/javax/validation/validation-api/2.0.1.Final/validation-api-2.0.1.Final.jar:/home/resulav/.m2/repository/org/jboss/logging/jboss-logging/3.3.2.Final/jboss-logging-3.3.2.Final.jar:/home/resulav/.m2/repository/com/fasterxml/classmate/1.3.4/classmate-1.3.4.jar:/home/resulav/.m2/repository/org/springframework/spring-web/5.0.7.RELEASE/spring-web-5.0.7.RELEASE.jar:/home/resulav/.m2/repository/org/springframework/spring-beans/5.0.7.RELEASE/spring-beans-5.0.7.RELEASE.jar:/home/resulav/.m2/repository/org/springframework/spring-webmvc/5.0.7.RELEASE/spring-webmvc-5.0.7.RELEASE.jar:/home/resulav/.m2/repository/org/springframework/spring-aop/5.0.7.RELEASE/spring-aop-5.0.7.RELEASE.jar:/home/resulav/.m2/repository/org/springframework/spring-context/5.0.7.RELEASE/spring-context-5.0.7.RELEASE.jar:/home/resulav/.m2/repository/org/springframework/spring-expression/5.0.7.RELEASE/spring-expression-5.0.7.RELEASE.jar:/home/resulav/.m2/repository/com/google/guava/guava/25.1-jre/guava-25.1-jre.jar:/home/resulav/.m2/repository/com/google/code/findbugs/jsr305/3.0.2/jsr305-3.0.2.jar:/home/resulav/.m2/repository/org/checkerframework/checker-qual/2.0.0/checker-qual-2.0.0.jar:/home/resulav/.m2/repository/com/google/errorprone/error_prone_annotations/2.1.3/error_prone_annotations-2.1.3.jar:/home/resulav/.m2/repository/com/google/j2objc/j2objc-annotations/1.1/j2objc-annotations-1.1.jar:/home/resulav/.m2/repository/org/codehaus/mojo/animal-sniffer-annotations/1.14/animal-sniffer-annotations-1.14.jar:/home/resulav/.m2/repository/org/springframework/boot/spring-boot-starter-test/2.0.3.RELEASE/spring-boot-starter-test-2.0.3.RELEASE.jar:/home/resulav/.m2/repository/org/springframework/boot/spring-boot-test/2.0.3.RELEASE/spring-boot-test-2.0.3.RELEASE.jar:/home/resulav/.m2/repository/org/springframework/boot/spring-boot-test-autoconfigure/2.0.3.RELEASE/spring-boot-test-autoconfigure-2.0.3.RELEASE.jar:/home/resulav/.m2/repository/com/jayway/jsonpath/json-path/2.4.0/json-path-2.4.0.jar:/home/resulav/.m2/repository/net/minidev/json-smart/2.3/json-smart-2.3.jar:/home/resulav/.m2/repository/net/minidev/accessors-smart/1.2/accessors-smart-1.2.jar:/home/resulav/.m2/repository/org/ow2/asm/asm/5.0.4/asm-5.0.4.jar:/home/resulav/.m2/repository/org/slf4j/slf4j-api/1.7.25/slf4j-api-1.7.25.jar:/home/resulav/.m2/repository/junit/junit/4.12/junit-4.12.jar:/home/resulav/.m2/repository/org/assertj/assertj-core/3.9.1/assertj-core-3.9.1.jar:/home/resulav/.m2/repository/org/mockito/mockito-core/2.15.0/mockito-core-2.15.0.jar:/home/resulav/.m2/repository/net/bytebuddy/byte-buddy/1.7.11/byte-buddy-1.7.11.jar:/home/resulav/.m2/repository/net/bytebuddy/byte-buddy-agent/1.7.11/byte-buddy-agent-1.7.11.jar:/home/resulav/.m2/repository/org/objenesis/objenesis/2.6/objenesis-2.6.jar:/home/resulav/.m2/repository/org/hamcrest/hamcrest-core/1.3/hamcrest-core-1.3.jar:/home/resulav/.m2/repository/org/hamcrest/hamcrest-library/1.3/hamcrest-library-1.3.jar:/home/resulav/.m2/repository/org/skyscreamer/jsonassert/1.5.0/jsonassert-1.5.0.jar:/home/resulav/.m2/repository/com/vaadin/external/google/android-json/0.0.20131108.vaadin1/android-json-0.0.20131108.vaadin1.jar:/home/resulav/.m2/repository/org/springframework/spring-core/5.0.7.RELEASE/spring-core-5.0.7.RELEASE.jar:/home/resulav/.m2/repository/org/springframework/spring-jcl/5.0.7.RELEASE/spring-jcl-5.0.7.RELEASE.jar:/home/resulav/.m2/repository/org/springframework/spring-test/5.0.7.RELEASE/spring-test-5.0.7.RELEASE.jar:/home/resulav/.m2/repository/org/xmlunit/xmlunit-core/2.5.1/xmlunit-core-2.5.1.jar:, user.name=resulav, java.vm.specification.version=1.8, sun.java.command=/github/rslvn/challange/target/surefire/surefirebooter5469677921514506371.jar /github/rslvn/challange/target/surefire 2018-08-03T16-00-42_592-jvmRun1 surefire6368365848011678040tmp surefire_05545607294202261046tmp, java.home=/tools/jdk1.8.0_121/jre, sun.arch.data.model=64, user.language=en, java.specification.vendor=Oracle Corporation, awt.toolkit=sun.awt.X11.XToolkit, java.vm.info=mixed mode, java.version=1.8.0_121, java.ext.dirs=/tools/jdk1.8.0_121/jre/lib/ext:/usr/java/packages/lib/ext, sun.boot.class.path=/tools/jdk1.8.0_121/jre/lib/resources.jar:/tools/jdk1.8.0_121/jre/lib/rt.jar:/tools/jdk1.8.0_121/jre/lib/sunrsasign.jar:/tools/jdk1.8.0_121/jre/lib/jsse.jar:/tools/jdk1.8.0_121/jre/lib/jce.jar:/tools/jdk1.8.0_121/jre/lib/charsets.jar:/tools/jdk1.8.0_121/jre/lib/jfr.jar:/tools/jdk1.8.0_121/jre/classes, java.vendor=Oracle Corporation, localRepository=/home/resulav/.m2/repository, file.separator=/, java.vendor.url.bug=http://bugreport.sun.com/bugreport/, sun.io.unicode.encoding=UnicodeLittle, sun.cpu.endian=little, sun.desktop=gnome, sun.cpu.isalist=}}, SystemEnvironmentPropertySource@1493755606 {name='systemEnvironment', properties={PATH=/tools/java/bin:/tools/maven/bin:/tools/idea/bin:/tools/eclipse:/tools/webstorm/bin:/tools/pycharm/bin:/tools/robomongo/bin:/tools/bin:/home/resulav/bin:/home/resulav/.local/bin:/home/resulav/.sdkman/candidates/gradle/current/bin:/home/resulav/.nvm/versions/node/v9.4.0/bin:/tools/java/bin:/tools/maven/bin:/tools/idea/bin:/tools/eclipse:/tools/webstorm/bin:/tools/pycharm/bin:/tools/robomongo/bin:/tools/bin:/home/resulav/bin:/home/resulav/.local/bin:/usr/local/sbin:/usr/local/bin:/usr/sbin:/usr/bin:/sbin:/bin:/usr/games:/usr/local/games:/snap/bin:/usr/lib/jvm/java-8-oracle/bin:/usr/lib/jvm/java-8-oracle/db/bin:/usr/lib/jvm/java-8-oracle/jre/bin:/usr/lib/jvm/java-8-oracle/bin:/usr/lib/jvm/java-8-oracle/db/bin:/usr/lib/jvm/java-8-oracle/jre/bin, SDKMAN_VERSION=5.6.5+313, XMODIFIERS=@im=ibus, GDMSESSION=ubuntu, DBUS_SESSION_BUS_ADDRESS=unix:abstract=/tmp/dbus-SqtFMxILQ1, DEFAULTS_PATH=/usr/share/gconf/ubuntu.default.path, JRE_HOME=/tools/java/jre, UPSTART_SESSION=unix:abstract=/com/ubuntu/upstart-session/1000/4520, LC_PAPER=tr_TR.UTF-8, SDKMAN_DIR=/home/resulav/.sdkman, SESSION_MANAGER=local/resula-pc:@/tmp/.ICE-unix/6658,unix/resula-pc:/tmp/.ICE-unix/6658, PYCHARM_HOME=/tools/pycharm, PWD=/github/rslvn/challange, DERBY_HOME=/usr/lib/jvm/java-8-oracle/db, LANGUAGE=en_US, NVM_CD_FLAGS=, LESSOPEN=| /usr/bin/lesspipe %s, UNITY_HAS_3D_SUPPORT=true, INSTANCE=, GNOME_DESKTOP_SESSION_ID=this-is-deprecated, UPSTART_INSTANCE=, GTK_MODULES=gail:atk-bridge:unity-gtk-module, CLUTTER_IM_MODULE=xim, COMPIZ_BIN_PATH=/usr/bin/, ROBOMONGO=/tools/robomongo, SHLVL=1, JAVA_HOME=/tools/java, TERM=vt100, XDG_CONFIG_DIRS=/etc/xdg/xdg-ubuntu:/usr/share/upstart/xdg:/etc/xdg, XDG_SEAT_PATH=/org/freedesktop/DisplayManager/Seat0, XDG_SESSION_ID=c2, GRADLE_HOME=/home/resulav/.sdkman/candidates/gradle/current, UNITY_DEFAULT_PROFILE=unity, LC_NAME=tr_TR.UTF-8, _=/tools/maven/bin/mvn, XDG_GREETER_DATA_DIR=/var/lib/lightdm-data/resulav, WEBSTORM_HOME=/tools/webstorm, UPSTART_EVENTS=xsession started, MAVEN_PROJECTBASEDIR=/github/rslvn/challange, DESKTOP_SESSION=ubuntu, SESSION=ubuntu, XDG_MENU_PREFIX=gnome-, QT_ACCESSIBILITY=1, NLSPATH=/usr/dt/lib/nls/msg/%L/%N.cat, NVM_BIN=/home/resulav/.nvm/versions/node/v9.4.0/bin, LC_MEASUREMENT=tr_TR.UTF-8, XAUTHORITY=/home/resulav/.Xauthority, LC_TELEPHONE=tr_TR.UTF-8, XDG_DATA_DIRS=/usr/share/ubuntu:/usr/share/gnome:/usr/local/share:/usr/share:/var/lib/snapd/desktop:/var/lib/snapd/desktop, MANDATORY_PATH=/usr/share/gconf/ubuntu.mandatory.path, LC_TIME=tr_TR.UTF-8, GTK_IM_MODULE=ibus, IDEA_HOME=/tools/idea, XDG_CURRENT_DESKTOP=Unity, MAVEN_HOME=/tools/maven, QT4_IM_MODULE=xim, QT_LINUX_ACCESSIBILITY_ALWAYS_ON=1, LOGNAME=resulav, JOB=unity-settings-daemon, IM_CONFIG_PHASE=1, SHELL=/bin/bash, LC_ADDRESS=tr_TR.UTF-8, GIO_LAUNCHED_DESKTOP_FILE=/usr/share/applications/SecureCRT.desktop, GTK2_MODULES=overlay-scrollbar, J2SDKDIR=/usr/lib/jvm/java-8-oracle, OLDPWD=/github/rslvn/challange, J2REDIR=/usr/lib/jvm/java-8-oracle/jre, XDG_SESSION_PATH=/org/freedesktop/DisplayManager/Session0, SESSIONTYPE=gnome-session, LS_COLORS=rs=0:di=01;34:ln=01;36:mh=00:pi=40;33:so=01;35:do=01;35:bd=40;33;01:cd=40;33;01:or=40;31;01:mi=00:su=37;41:sg=30;43:ca=30;41:tw=30;42:ow=34;42:st=37;44:ex=01;32:*.tar=01;31:*.tgz=01;31:*.arc=01;31:*.arj=01;31:*.taz=01;31:*.lha=01;31:*.lz4=01;31:*.lzh=01;31:*.lzma=01;31:*.tlz=01;31:*.txz=01;31:*.tzo=01;31:*.t7z=01;31:*.zip=01;31:*.z=01;31:*.Z=01;31:*.dz=01;31:*.gz=01;31:*.lrz=01;31:*.lz=01;31:*.lzo=01;31:*.xz=01;31:*.bz2=01;31:*.bz=01;31:*.tbz=01;31:*.tbz2=01;31:*.tz=01;31:*.deb=01;31:*.rpm=01;31:*.jar=01;31:*.war=01;31:*.ear=01;31:*.sar=01;31:*.rar=01;31:*.alz=01;31:*.ace=01;31:*.zoo=01;31:*.cpio=01;31:*.7z=01;31:*.rz=01;31:*.cab=01;31:*.jpg=01;35:*.jpeg=01;35:*.gif=01;35:*.bmp=01;35:*.pbm=01;35:*.pgm=01;35:*.ppm=01;35:*.tga=01;35:*.xbm=01;35:*.xpm=01;35:*.tif=01;35:*.tiff=01;35:*.png=01;35:*.svg=01;35:*.svgz=01;35:*.mng=01;35:*.pcx=01;35:*.mov=01;35:*.mpg=01;35:*.mpeg=01;35:*.m2v=01;35:*.mkv=01;35:*.webm=01;35:*.ogm=01;35:*.mp4=01;35:*.m4v=01;35:*.mp4v=01;35:*.vob=01;35:*.qt=01;35:*.nuv=01;35:*.wmv=01;35:*.asf=01;35:*.rm=01;35:*.rmvb=01;35:*.flc=01;35:*.avi=01;35:*.fli=01;35:*.flv=01;35:*.gl=01;35:*.dl=01;35:*.xcf=01;35:*.xwd=01;35:*.yuv=01;35:*.cgm=01;35:*.emf=01;35:*.ogv=01;35:*.ogx=01;35:*.aac=00;36:*.au=00;36:*.flac=00;36:*.m4a=00;36:*.mid=00;36:*.midi=00;36:*.mka=00;36:*.mp3=00;36:*.mpc=00;36:*.ogg=00;36:*.ra=00;36:*.wav=00;36:*.oga=00;36:*.opus=00;36:*.spx=00;36:*.xspf=00;36:, XDG_SESSION_DESKTOP=ubuntu, SDKMAN_CURRENT_API=https://api.sdkman.io/2, LC_IDENTIFICATION=tr_TR.UTF-8, LESSCLOSE=/usr/bin/lesspipe %s %s, LC_MONETARY=tr_TR.UTF-8, COMPIZ_CONFIG_PROFILE=ubuntu, QT_IM_MODULE=ibus, UPSTART_JOB=unity7, XFILESEARCHPATH=/usr/dt/app-defaults/%L/Dt, LANG=en_US.UTF-8, GNOME_KEYRING_CONTROL=, XDG_SESSION_TYPE=x11, DISPLAY=:0, ECLIPSE_HOME=/tools/eclipse, MAVEN_CMD_LINE_ARGS= clean package, SDKMAN_CANDIDATES_DIR=/home/resulav/.sdkman/candidates, SDKMAN_LEGACY_API=https://api.sdkman.io/1, GDM_LANG=en_US, NVM_DIR=/home/resulav/.nvm, GPG_AGENT_INFO=/home/resulav/.gnupg/S.gpg-agent:0:1, SDKMAN_PLATFORM=Linux64, USER=resulav, GIO_LAUNCHED_DESKTOP_FILE_PID=23255, LC_NUMERIC=tr_TR.UTF-8, SSH_AUTH_SOCK=/run/user/1000/keyring/ssh, XDG_SEAT=seat0, QT_QPA_PLATFORMTHEME=appmenu-qt5, XDG_VTNR=7, XDG_RUNTIME_DIR=/run/user/1000, HOME=/home/resulav, GNOME_KEYRING_PID=}}]
16:00:44.400 [main] DEBUG org.springframework.test.context.support.TestPropertySourceUtils - Adding inlined properties to environment: {spring.jmx.enabled=false, org.springframework.boot.test.context.SpringBootTestContextBootstrapper=true, server.port=-1}
16:00:44.401 [main] DEBUG org.springframework.core.env.StandardEnvironment - Adding PropertySource 'Inlined Test Properties' with highest search precedence

  .   ____          _            __ _ _
 /\\ / ___'_ __ _ _(_)_ __  __ _ \ \ \ \
( ( )\___ | '_ | '_| | '_ \/ _` | \ \ \ \
 \\/  ___)| |_)| | | | | || (_| |  ) ) ) )
  '  |____| .__|_| |_|_| |_\__, | / / / /
 =========|_|==============|___/=/_/_/_/
 :: Spring Boot ::        (v2.0.3.RELEASE)

2018-08-03 16:00:45.059  INFO 28462 --- [           main] c.n.challange.ChallangeApplicationTests  : Starting ChallangeApplicationTests on resula-pc with PID 28462 (started by resulav in /github/rslvn/challange)
2018-08-03 16:00:45.064  INFO 28462 --- [           main] c.n.challange.ChallangeApplicationTests  : No active profile set, falling back to default profiles: default
2018-08-03 16:00:45.282  INFO 28462 --- [           main] o.s.w.c.s.GenericWebApplicationContext   : Refreshing org.springframework.web.context.support.GenericWebApplicationContext@6c9e74f3: startup date [Fri Aug 03 16:00:45 EET 2018]; root of context hierarchy
2018-08-03 16:00:49.439  INFO 28462 --- [           main] o.s.w.s.handler.SimpleUrlHandlerMapping  : Mapped URL path [/**/favicon.ico] onto handler of type [class org.springframework.web.servlet.resource.ResourceHttpRequestHandler]
2018-08-03 16:00:50.010  INFO 28462 --- [           main] s.w.s.m.m.a.RequestMappingHandlerAdapter : Looking for @ControllerAdvice: org.springframework.web.context.support.GenericWebApplicationContext@6c9e74f3: startup date [Fri Aug 03 16:00:45 EET 2018]; root of context hierarchy
2018-08-03 16:00:50.121  INFO 28462 --- [           main] s.w.s.m.m.a.RequestMappingHandlerMapping : Mapped "{[/transactions],methods=[POST]}" onto public void com.n26.challange.controller.ChallangeController.transaction(com.n26.challange.model.Transaction,javax.servlet.http.HttpServletResponse)
2018-08-03 16:00:50.124  INFO 28462 --- [           main] s.w.s.m.m.a.RequestMappingHandlerMapping : Mapped "{[/statistics],methods=[GET]}" onto public com.n26.challange.model.Statistics com.n26.challange.controller.ChallangeController.statistics(javax.servlet.http.HttpServletResponse)
2018-08-03 16:00:50.128  INFO 28462 --- [           main] s.w.s.m.m.a.RequestMappingHandlerMapping : Mapped "{[/error],produces=[text/html]}" onto public org.springframework.web.servlet.ModelAndView org.springframework.boot.autoconfigure.web.servlet.error.BasicErrorController.errorHtml(javax.servlet.http.HttpServletRequest,javax.servlet.http.HttpServletResponse)
2018-08-03 16:00:50.129  INFO 28462 --- [           main] s.w.s.m.m.a.RequestMappingHandlerMapping : Mapped "{[/error]}" onto public org.springframework.http.ResponseEntity<java.util.Map<java.lang.String, java.lang.Object>> org.springframework.boot.autoconfigure.web.servlet.error.BasicErrorController.error(javax.servlet.http.HttpServletRequest)
2018-08-03 16:00:50.160  INFO 28462 --- [           main] o.s.w.s.handler.SimpleUrlHandlerMapping  : Mapped URL path [/webjars/**] onto handler of type [class org.springframework.web.servlet.resource.ResourceHttpRequestHandler]
2018-08-03 16:00:50.160  INFO 28462 --- [           main] o.s.w.s.handler.SimpleUrlHandlerMapping  : Mapped URL path [/**] onto handler of type [class org.springframework.web.servlet.resource.ResourceHttpRequestHandler]
2018-08-03 16:00:50.356  INFO 28462 --- [           main] s.a.ScheduledAnnotationBeanPostProcessor : No TaskScheduler/ScheduledExecutorService bean found for scheduled processing
2018-08-03 16:00:50.373  INFO 28462 --- [           main] c.n.challange.ChallangeApplicationTests  : Started ChallangeApplicationTests in 5.949 seconds (JVM running for 7.51)
[INFO] Tests run: 1, Failures: 0, Errors: 0, Skipped: 0, Time elapsed: 6.973 s - in com.n26.challange.ChallangeApplicationTests
[INFO] Running com.n26.challange.controller.ChallageControllerTest
2018-08-03 16:00:50.516  INFO 28462 --- [           main] o.s.t.c.s.DefaultTestContextBootstrapper : Neither @ContextConfiguration nor @ContextHierarchy found for test class [com.n26.challange.controller.ChallageControllerTest], using DelegatingSmartContextLoader
2018-08-03 16:00:50.517  INFO 28462 --- [           main] o.s.t.c.support.AbstractContextLoader    : Could not detect default resource locations for test class [com.n26.challange.controller.ChallageControllerTest]: no resource found for suffixes {-context.xml}.
2018-08-03 16:00:50.518  INFO 28462 --- [           main] t.c.s.AnnotationConfigContextLoaderUtils : Could not detect default configuration classes for test class [com.n26.challange.controller.ChallageControllerTest]: ChallageControllerTest does not declare any static, non-private, non-final, nested classes annotated with @Configuration.
2018-08-03 16:00:50.519  INFO 28462 --- [           main] o.s.t.c.s.DefaultTestContextBootstrapper : Loaded default TestExecutionListener class names from location [META-INF/spring.factories]: [org.springframework.boot.test.mock.mockito.MockitoTestExecutionListener, org.springframework.boot.test.mock.mockito.ResetMocksTestExecutionListener, org.springframework.boot.test.autoconfigure.restdocs.RestDocsTestExecutionListener, org.springframework.boot.test.autoconfigure.web.client.MockRestServiceServerResetTestExecutionListener, org.springframework.boot.test.autoconfigure.web.servlet.MockMvcPrintOnlyOnFailureTestExecutionListener, org.springframework.boot.test.autoconfigure.web.servlet.WebDriverTestExecutionListener, org.springframework.test.context.web.ServletTestExecutionListener, org.springframework.test.context.support.DirtiesContextBeforeModesTestExecutionListener, org.springframework.test.context.support.DependencyInjectionTestExecutionListener, org.springframework.test.context.support.DirtiesContextTestExecutionListener, org.springframework.test.context.transaction.TransactionalTestExecutionListener, org.springframework.test.context.jdbc.SqlScriptsTestExecutionListener]
2018-08-03 16:00:50.521  INFO 28462 --- [           main] o.s.t.c.s.DefaultTestContextBootstrapper : Using TestExecutionListeners: [org.springframework.test.context.web.ServletTestExecutionListener@725645f4, org.springframework.test.context.support.DirtiesContextBeforeModesTestExecutionListener@5ed2af52, org.springframework.boot.test.mock.mockito.MockitoTestExecutionListener@278f422, org.springframework.test.context.support.DependencyInjectionTestExecutionListener@11ab8594, org.springframework.test.context.support.DirtiesContextTestExecutionListener@51920bb0, org.springframework.boot.test.mock.mockito.ResetMocksTestExecutionListener@1a7186ef, org.springframework.boot.test.autoconfigure.restdocs.RestDocsTestExecutionListener@5f6da867, org.springframework.boot.test.autoconfigure.web.client.MockRestServiceServerResetTestExecutionListener@1227013b, org.springframework.boot.test.autoconfigure.web.servlet.MockMvcPrintOnlyOnFailureTestExecutionListener@53a95744, org.springframework.boot.test.autoconfigure.web.servlet.WebDriverTestExecutionListener@45f9f520]
2018-08-03 16:00:51.010  INFO 28462 --- [           main] o.s.c.support.GenericApplicationContext  : Refreshing org.springframework.context.support.GenericApplicationContext@ee49f34: startup date [Fri Aug 03 16:00:51 EET 2018]; root of context hierarchy
2018-08-03 16:00:51.047  INFO 28462 --- [           main] s.w.s.m.m.a.RequestMappingHandlerMapping : Mapped "{[/transactions],methods=[POST]}" onto public void com.n26.challange.controller.ChallangeController.transaction(com.n26.challange.model.Transaction,javax.servlet.http.HttpServletResponse)
2018-08-03 16:00:51.047  INFO 28462 --- [           main] s.w.s.m.m.a.RequestMappingHandlerMapping : Mapped "{[/statistics],methods=[GET]}" onto public com.n26.challange.model.Statistics com.n26.challange.controller.ChallangeController.statistics(javax.servlet.http.HttpServletResponse)
2018-08-03 16:00:51.060  INFO 28462 --- [           main] s.w.s.m.m.a.RequestMappingHandlerAdapter : Looking for @ControllerAdvice: org.springframework.test.web.servlet.setup.StubWebApplicationContext@2361dc11
2018-08-03 16:00:51.068  INFO 28462 --- [           main] o.s.mock.web.MockServletContext          : Initializing Spring FrameworkServlet ''
2018-08-03 16:00:51.068  INFO 28462 --- [           main] o.s.t.web.servlet.TestDispatcherServlet  : FrameworkServlet '': initialization started
2018-08-03 16:00:51.069  INFO 28462 --- [           main] o.s.t.web.servlet.TestDispatcherServlet  : FrameworkServlet '': initialization completed in 1 ms
2018-08-03 16:00:51.236  INFO 28462 --- [           main] c.n.c.controller.ChallangeController     : current epoch: 1533301251, epoch: 1533301312, diff: -61, amount: 1.0
2018-08-03 16:00:51.236  INFO 28462 --- [           main] c.n.c.controller.ChallangeController     : outOfRange timestamp - currentEpochTime: 1533301251, timestamp: 1533301312, diff: -61
2018-08-03 16:00:51.250  INFO 28462 --- [           main] s.w.s.m.m.a.RequestMappingHandlerMapping : Mapped "{[/transactions],methods=[POST]}" onto public void com.n26.challange.controller.ChallangeController.transaction(com.n26.challange.model.Transaction,javax.servlet.http.HttpServletResponse)
2018-08-03 16:00:51.251  INFO 28462 --- [           main] s.w.s.m.m.a.RequestMappingHandlerMapping : Mapped "{[/statistics],methods=[GET]}" onto public com.n26.challange.model.Statistics com.n26.challange.controller.ChallangeController.statistics(javax.servlet.http.HttpServletResponse)
2018-08-03 16:00:51.262  INFO 28462 --- [           main] s.w.s.m.m.a.RequestMappingHandlerAdapter : Looking for @ControllerAdvice: org.springframework.test.web.servlet.setup.StubWebApplicationContext@311bc5a3
2018-08-03 16:00:51.265  INFO 28462 --- [           main] o.s.mock.web.MockServletContext          : Initializing Spring FrameworkServlet ''
2018-08-03 16:00:51.265  INFO 28462 --- [           main] o.s.t.web.servlet.TestDispatcherServlet  : FrameworkServlet '': initialization started
2018-08-03 16:00:51.265  INFO 28462 --- [           main] o.s.t.web.servlet.TestDispatcherServlet  : FrameworkServlet '': initialization completed in 0 ms
2018-08-03 16:00:51.275  INFO 28462 --- [           main] s.w.s.m.m.a.RequestMappingHandlerMapping : Mapped "{[/transactions],methods=[POST]}" onto public void com.n26.challange.controller.ChallangeController.transaction(com.n26.challange.model.Transaction,javax.servlet.http.HttpServletResponse)
2018-08-03 16:00:51.276  INFO 28462 --- [           main] s.w.s.m.m.a.RequestMappingHandlerMapping : Mapped "{[/statistics],methods=[GET]}" onto public com.n26.challange.model.Statistics com.n26.challange.controller.ChallangeController.statistics(javax.servlet.http.HttpServletResponse)
2018-08-03 16:00:51.285  INFO 28462 --- [           main] s.w.s.m.m.a.RequestMappingHandlerAdapter : Looking for @ControllerAdvice: org.springframework.test.web.servlet.setup.StubWebApplicationContext@5a2dbab3
2018-08-03 16:00:51.287  INFO 28462 --- [           main] o.s.mock.web.MockServletContext          : Initializing Spring FrameworkServlet ''
2018-08-03 16:00:51.287  INFO 28462 --- [           main] o.s.t.web.servlet.TestDispatcherServlet  : FrameworkServlet '': initialization started
2018-08-03 16:00:51.288  INFO 28462 --- [           main] o.s.t.web.servlet.TestDispatcherServlet  : FrameworkServlet '': initialization completed in 0 ms
2018-08-03 16:00:51.385  INFO 28462 --- [           main] s.w.s.m.m.a.RequestMappingHandlerMapping : Mapped "{[/transactions],methods=[POST]}" onto public void com.n26.challange.controller.ChallangeController.transaction(com.n26.challange.model.Transaction,javax.servlet.http.HttpServletResponse)
2018-08-03 16:00:51.385  INFO 28462 --- [           main] s.w.s.m.m.a.RequestMappingHandlerMapping : Mapped "{[/statistics],methods=[GET]}" onto public com.n26.challange.model.Statistics com.n26.challange.controller.ChallangeController.statistics(javax.servlet.http.HttpServletResponse)
2018-08-03 16:00:51.397  INFO 28462 --- [           main] s.w.s.m.m.a.RequestMappingHandlerAdapter : Looking for @ControllerAdvice: org.springframework.test.web.servlet.setup.StubWebApplicationContext@6e71c9dc
2018-08-03 16:00:51.399  INFO 28462 --- [           main] o.s.mock.web.MockServletContext          : Initializing Spring FrameworkServlet ''
2018-08-03 16:00:51.399  INFO 28462 --- [           main] o.s.t.web.servlet.TestDispatcherServlet  : FrameworkServlet '': initialization started
2018-08-03 16:00:51.400  INFO 28462 --- [           main] o.s.t.web.servlet.TestDispatcherServlet  : FrameworkServlet '': initialization completed in 1 ms
2018-08-03 16:00:51.403  INFO 28462 --- [           main] c.n.c.controller.ChallangeController     : current epoch: 1533301251, epoch: 1533301251, diff: 0, amount: 1.0
2018-08-03 16:00:51.409  INFO 28462 --- [           main] s.w.s.m.m.a.RequestMappingHandlerMapping : Mapped "{[/transactions],methods=[POST]}" onto public void com.n26.challange.controller.ChallangeController.transaction(com.n26.challange.model.Transaction,javax.servlet.http.HttpServletResponse)
2018-08-03 16:00:51.409  INFO 28462 --- [           main] s.w.s.m.m.a.RequestMappingHandlerMapping : Mapped "{[/statistics],methods=[GET]}" onto public com.n26.challange.model.Statistics com.n26.challange.controller.ChallangeController.statistics(javax.servlet.http.HttpServletResponse)
2018-08-03 16:00:51.418  INFO 28462 --- [           main] s.w.s.m.m.a.RequestMappingHandlerAdapter : Looking for @ControllerAdvice: org.springframework.test.web.servlet.setup.StubWebApplicationContext@7c5810e4
2018-08-03 16:00:51.422  INFO 28462 --- [           main] o.s.mock.web.MockServletContext          : Initializing Spring FrameworkServlet ''
2018-08-03 16:00:51.423  INFO 28462 --- [           main] o.s.t.web.servlet.TestDispatcherServlet  : FrameworkServlet '': initialization started
2018-08-03 16:00:51.423  INFO 28462 --- [           main] o.s.t.web.servlet.TestDispatcherServlet  : FrameworkServlet '': initialization completed in 0 ms
2018-08-03 16:00:51.429  INFO 28462 --- [           main] c.n.c.controller.ChallangeController     : current epoch: 1533301251, epoch: 0, diff: 1533301251, amount: 1.0
2018-08-03 16:00:51.429  INFO 28462 --- [           main] c.n.c.controller.ChallangeController     : Invalid timestamp - currentEpochTime: 1533301251, timestamp: 0, diff: 1533301251
2018-08-03 16:00:51.437  INFO 28462 --- [           main] s.w.s.m.m.a.RequestMappingHandlerMapping : Mapped "{[/transactions],methods=[POST]}" onto public void com.n26.challange.controller.ChallangeController.transaction(com.n26.challange.model.Transaction,javax.servlet.http.HttpServletResponse)
2018-08-03 16:00:51.437  INFO 28462 --- [           main] s.w.s.m.m.a.RequestMappingHandlerMapping : Mapped "{[/statistics],methods=[GET]}" onto public com.n26.challange.model.Statistics com.n26.challange.controller.ChallangeController.statistics(javax.servlet.http.HttpServletResponse)
2018-08-03 16:00:51.450  INFO 28462 --- [           main] s.w.s.m.m.a.RequestMappingHandlerAdapter : Looking for @ControllerAdvice: org.springframework.test.web.servlet.setup.StubWebApplicationContext@3023b749
2018-08-03 16:00:51.458  INFO 28462 --- [           main] o.s.mock.web.MockServletContext          : Initializing Spring FrameworkServlet ''
2018-08-03 16:00:51.459  INFO 28462 --- [           main] o.s.t.web.servlet.TestDispatcherServlet  : FrameworkServlet '': initialization started
2018-08-03 16:00:51.460  INFO 28462 --- [           main] o.s.t.web.servlet.TestDispatcherServlet  : FrameworkServlet '': initialization completed in 1 ms
2018-08-03 16:00:51.464  INFO 28462 --- [           main] c.n.c.controller.ChallangeController     : current epoch: 1533301251, epoch: 1533301, diff: 1531767950, amount: 1.0
2018-08-03 16:00:51.464  INFO 28462 --- [           main] c.n.c.controller.ChallangeController     : Invalid timestamp - currentEpochTime: 1533301251, timestamp: 1533301, diff: 1531767950
[INFO] Tests run: 6, Failures: 0, Errors: 0, Skipped: 0, Time elapsed: 0.942 s - in com.n26.challange.controller.ChallageControllerTest
[INFO] Running com.n26.challange.service.TransactionServiceTest
2018-08-03 16:00:51.467  INFO 28462 --- [           main] o.s.t.c.s.DefaultTestContextBootstrapper : Neither @ContextConfiguration nor @ContextHierarchy found for test class [com.n26.challange.service.TransactionServiceTest], using DelegatingSmartContextLoader
2018-08-03 16:00:51.469  INFO 28462 --- [           main] o.s.t.c.support.AbstractContextLoader    : Could not detect default resource locations for test class [com.n26.challange.service.TransactionServiceTest]: no resource found for suffixes {-context.xml}.
2018-08-03 16:00:51.470  INFO 28462 --- [           main] t.c.s.AnnotationConfigContextLoaderUtils : Could not detect default configuration classes for test class [com.n26.challange.service.TransactionServiceTest]: TransactionServiceTest does not declare any static, non-private, non-final, nested classes annotated with @Configuration.
2018-08-03 16:00:51.471  INFO 28462 --- [           main] o.s.t.c.s.DefaultTestContextBootstrapper : Loaded default TestExecutionListener class names from location [META-INF/spring.factories]: [org.springframework.boot.test.mock.mockito.MockitoTestExecutionListener, org.springframework.boot.test.mock.mockito.ResetMocksTestExecutionListener, org.springframework.boot.test.autoconfigure.restdocs.RestDocsTestExecutionListener, org.springframework.boot.test.autoconfigure.web.client.MockRestServiceServerResetTestExecutionListener, org.springframework.boot.test.autoconfigure.web.servlet.MockMvcPrintOnlyOnFailureTestExecutionListener, org.springframework.boot.test.autoconfigure.web.servlet.WebDriverTestExecutionListener, org.springframework.test.context.web.ServletTestExecutionListener, org.springframework.test.context.support.DirtiesContextBeforeModesTestExecutionListener, org.springframework.test.context.support.DependencyInjectionTestExecutionListener, org.springframework.test.context.support.DirtiesContextTestExecutionListener, org.springframework.test.context.transaction.TransactionalTestExecutionListener, org.springframework.test.context.jdbc.SqlScriptsTestExecutionListener]
2018-08-03 16:00:51.475  INFO 28462 --- [           main] o.s.t.c.s.DefaultTestContextBootstrapper : Using TestExecutionListeners: [org.springframework.test.context.web.ServletTestExecutionListener@59e97f75, org.springframework.test.context.support.DirtiesContextBeforeModesTestExecutionListener@222303b9, org.springframework.boot.test.mock.mockito.MockitoTestExecutionListener@7e3cc762, org.springframework.test.context.support.DependencyInjectionTestExecutionListener@53a5b50f, org.springframework.test.context.support.DirtiesContextTestExecutionListener@41a56ad9, org.springframework.boot.test.mock.mockito.ResetMocksTestExecutionListener@7b21879f, org.springframework.boot.test.autoconfigure.restdocs.RestDocsTestExecutionListener@63be584e, org.springframework.boot.test.autoconfigure.web.client.MockRestServiceServerResetTestExecutionListener@1d4d84fb, org.springframework.boot.test.autoconfigure.web.servlet.MockMvcPrintOnlyOnFailureTestExecutionListener@7754d629, org.springframework.boot.test.autoconfigure.web.servlet.WebDriverTestExecutionListener@3eaa23]
[INFO] Tests run: 2, Failures: 0, Errors: 0, Skipped: 0, Time elapsed: 0.155 s - in com.n26.challange.service.TransactionServiceTest
[INFO] Running com.n26.challange.util.StatisticsUtilTest
[INFO] Tests run: 9, Failures: 0, Errors: 0, Skipped: 0, Time elapsed: 0.021 s - in com.n26.challange.util.StatisticsUtilTest
2018-08-03 16:00:51.667  INFO 28462 --- [       Thread-3] o.s.w.c.s.GenericWebApplicationContext   : Closing org.springframework.web.context.support.GenericWebApplicationContext@6c9e74f3: startup date [Fri Aug 03 16:00:45 EET 2018]; root of context hierarchy
2018-08-03 16:00:51.679  INFO 28462 --- [       Thread-4] o.s.c.support.GenericApplicationContext  : Closing org.springframework.context.support.GenericApplicationContext@ee49f34: startup date [Fri Aug 03 16:00:51 EET 2018]; root of context hierarchy
[INFO] 
[INFO] Results:
[INFO] 
[INFO] Tests run: 19, Failures: 0, Errors: 0, Skipped: 0
[INFO] 
[INFO] 
[INFO] --- maven-jar-plugin:3.0.2:jar (default-jar) @ challange ---
[INFO] Building jar: /github/rslvn/challange/target/challange-0.0.1-SNAPSHOT.jar
[INFO] 
[INFO] --- spring-boot-maven-plugin:2.0.3.RELEASE:repackage (default) @ challange ---
[INFO] ------------------------------------------------------------------------
[INFO] BUILD SUCCESS
[INFO] ------------------------------------------------------------------------
[INFO] Total time: 12.499 s
[INFO] Finished at: 2018-08-03T16:00:52+03:00
[INFO] ------------------------------------------------------------------------
